  % Total    % Received % Xferd  Average Speed   Time    Time     Time  Current
                                 Dload  Upload   Total   Spent    Left  Speed
  0     0    0     0    0     0      0      0 --:--:-- --:--:-- --:--:--     0*   Trying 54.91.176.90...
* TCP_NODELAY set
* Connected to ec2-54-91-176-90.compute-1.amazonaws.com (54.91.176.90) port 80 (#0)
> GET /accounts/login/ HTTP/1.1
> Host: ec2-54-91-176-90.compute-1.amazonaws.com
> User-Agent: curl/7.64.1
> Accept: */*
> 
< HTTP/1.1 200 OK
< Server: nginx/1.18.0 (Ubuntu)
< Date: Sun, 06 Feb 2022 22:06:05 GMT
< Content-Type: text/html; charset=utf-8
< Content-Length: 1895
< Connection: keep-alive
< 
{ [1895 bytes data]
100  1895  100  1895    0     0  19141      0 --:--:-- --:--:-- --:--:-- 19141
* Connection #0 to host ec2-54-91-176-90.compute-1.amazonaws.com left intact
* Closing connection 0
